0 info it worked if it ends with ok
1 verbose cli [ 'C:\\Websites\\Node\\node.exe',
1 verbose cli   'C:\\Websites\\Node\\node_modules\\npm\\bin\\npm-cli.js',
1 verbose cli   'run',
1 verbose cli   'copyassets' ]
2 info using npm@3.10.8
3 info using node@v6.9.1
4 verbose run-script [ 'precopyassets', 'copyassets', 'postcopyassets' ]
5 info lifecycle pse-homepage-ui@1.0.0~precopyassets: pse-homepage-ui@1.0.0
6 silly lifecycle pse-homepage-ui@1.0.0~precopyassets: no script for precopyassets, continuing
7 info lifecycle pse-homepage-ui@1.0.0~copyassets: pse-homepage-ui@1.0.0
8 verbose lifecycle pse-homepage-ui@1.0.0~copyassets: unsafe-perm in lifecycle true
9 verbose lifecycle pse-homepage-ui@1.0.0~copyassets: PATH: C:\Websites\Node\node_modules\npm\bin\node-gyp-bin;C:\inetpub\wwwroot\firstnet-temp\fpse\pse-homepage-ui\node_modules\.bin;C:\Websites\Node\node_modules\npm\bin\node-gyp-bin;C:\inetpub\wwwroot\firstnet-temp\fpse\pse-homepage-ui\node_modules\.bin;C:\Users\ekante\AppData\Roaming\npm;C:\Websites\Node\;C:\Program Files\PHP\v5.3;C:\Program Files (x86)\Google\Chrome\Application;C:\ProgramData\Oracle\Java\javapath;C:\windows\system32;C:\windows;C:\windows\System32\Wbem;C:\windows\System32\WindowsPowerShell\v1.0\;C:\Program Files\Intel\WiFi\bin\;C:\Program Files\Common Files\Intel\WirelessCommon\;C:\Program Files\Git\cmd; C:\Users\ekante\AppData\Roaming\npm;C:\Maven\apache-maven-3.3.9\bin; C:\Program Files\Java\jdk1.8.0_121\bin;C:\Users\ekante\AppData\Roaming\npm;C:\Program Files (x86)\Microsoft VS Code\bin; C:\Users\ekante\AppData\Local\Programs\Python\Python36-32\; C:\Maven\apache-maven-3.3.9\bin
10 verbose lifecycle pse-homepage-ui@1.0.0~copyassets: CWD: C:\inetpub\wwwroot\firstnet-temp\fpse\pse-homepage-ui
11 silly lifecycle pse-homepage-ui@1.0.0~copyassets: Args: [ '/d /s /c', 'copyfiles ./images/**/* ./fonts/**/* ./build/' ]
12 silly lifecycle pse-homepage-ui@1.0.0~copyassets: Returned: code: 1  signal: null
13 info lifecycle pse-homepage-ui@1.0.0~copyassets: Failed to exec copyassets script
14 verbose stack Error: pse-homepage-ui@1.0.0 copyassets: `copyfiles ./images/**/* ./fonts/**/* ./build/`
14 verbose stack Exit status 1
14 verbose stack     at EventEmitter.<anonymous> (C:\Websites\Node\node_modules\npm\lib\utils\lifecycle.js:255:16)
14 verbose stack     at emitTwo (events.js:106:13)
14 verbose stack     at EventEmitter.emit (events.js:191:7)
14 verbose stack     at ChildProcess.<anonymous> (C:\Websites\Node\node_modules\npm\lib\utils\spawn.js:40:14)
14 verbose stack     at emitTwo (events.js:106:13)
14 verbose stack     at ChildProcess.emit (events.js:191:7)
14 verbose stack     at maybeClose (internal/child_process.js:877:16)
14 verbose stack     at Process.ChildProcess._handle.onexit (internal/child_process.js:226:5)
15 verbose pkgid pse-homepage-ui@1.0.0
16 verbose cwd C:\inetpub\wwwroot\firstnet-temp\fpse\pse-homepage-ui
17 error Windows_NT 6.1.7601
18 error argv "C:\\Websites\\Node\\node.exe" "C:\\Websites\\Node\\node_modules\\npm\\bin\\npm-cli.js" "run" "copyassets"
19 error node v6.9.1
20 error npm  v3.10.8
21 error code ELIFECYCLE
22 error pse-homepage-ui@1.0.0 copyassets: `copyfiles ./images/**/* ./fonts/**/* ./build/`
22 error Exit status 1
23 error Failed at the pse-homepage-ui@1.0.0 copyassets script 'copyfiles ./images/**/* ./fonts/**/* ./build/'.
23 error Make sure you have the latest version of node.js and npm installed.
23 error If you do, this is most likely a problem with the pse-homepage-ui package,
23 error not with npm itself.
23 error Tell the author that this fails on your system:
23 error     copyfiles ./images/**/* ./fonts/**/* ./build/
23 error You can get information on how to open an issue for this project with:
23 error     npm bugs pse-homepage-ui
23 error Or if that isn't available, you can get their info via:
23 error     npm owner ls pse-homepage-ui
23 error There is likely additional logging output above.
24 verbose exit [ 1, true ]
